<?xml version="1.0" encoding="UTF-8"?>
<!-- Generated by org.testng.reporters.JUnitReportReporter -->
<testsuite hostname="Bishnus-MacBook-Pro.local" failures="0" tests="1" name="com.selenium.basictest.Assignment1" time="25.444" errors="0" timestamp="15 Aug 2018 20:23:17 GMT" skipped="0">
  <testcase classname="com.selenium.basictest.Assignment1" name="locatorsInWeb" time="25.444"/>
</testsuite> <!-- com.selenium.basictest.Assignment1 -->
