<?xml version="1.0" encoding="UTF-8"?>
<!-- Generated by org.testng.reporters.JUnitReportReporter -->
<testsuite hostname="Bishnus-MacBook-Pro.local" failures="0" tests="1" name="com.selenium.basictest.SeleniumBasicsPartOne" time="103.794" errors="0" timestamp="15 Aug 2018 19:55:24 GMT" skipped="0">
  <testcase classname="com.selenium.basictest.SeleniumBasicsPartOne" name="basicCommands" time="103.794"/>
</testsuite> <!-- com.selenium.basictest.SeleniumBasicsPartOne -->
