<?xml version="1.0" encoding="UTF-8"?>
<!-- Generated by org.testng.reporters.JUnitReportReporter -->
<testsuite hostname="Bishnus-MacBook-Pro.local" failures="0" tests="1" name="com.selenium.basictest.Assignment2" time="2.013" errors="0" timestamp="16 Aug 2018 14:17:02 GMT" skipped="0">
  <testcase classname="com.selenium.basictest.Assignment2" name="clickingLearnHtml" time="2.013"/>
</testsuite> <!-- com.selenium.basictest.Assignment2 -->
