<?xml version="1.0" encoding="UTF-8"?>
<!-- Generated by org.testng.reporters.JUnitReportReporter -->
<testsuite hostname="Bishnus-MacBook-Pro.local" failures="0" tests="1" name="com.selenium.basictest.CSSSelectors" time="2.036" errors="0" timestamp="15 Aug 2018 21:33:43 GMT" skipped="0">
  <testcase classname="com.selenium.basictest.CSSSelectors" name="searchWithCssPath" time="2.036"/>
</testsuite> <!-- com.selenium.basictest.CSSSelectors -->
